[E 18:45:58.314 NotebookApp] Exception while loading config file /home/aind2/.jupyter/jupyter_notebook_config.py
    Traceback (most recent call last):
      File "/home/aind2/anaconda3/lib/python3.6/site-packages/traitlets/config/application.py", line 562, in _load_config_files
        config = loader.load_config()
      File "/home/aind2/anaconda3/lib/python3.6/site-packages/traitlets/config/loader.py", line 457, in load_config
        self._read_file_as_dict()
      File "/home/aind2/anaconda3/lib/python3.6/site-packages/traitlets/config/loader.py", line 489, in _read_file_as_dict
        py3compat.execfile(conf_filename, namespace)
      File "/home/aind2/anaconda3/lib/python3.6/site-packages/ipython_genutils/py3compat.py", line 185, in execfile
        exec(compiler(f.read(), fname, 'exec'), glob, loc)
      File "/home/aind2/.jupyter/jupyter_notebook_config.py", line 587, in <module>
        NotebookApp.password = u''            # don't require a password
    NameError: name 'NotebookApp' is not defined
[I 18:45:58.593 NotebookApp] Serving notebooks from local directory: /home/aind2/Notebook/aind2-rnn
[I 18:45:58.593 NotebookApp] 0 active kernels 
[I 18:45:58.593 NotebookApp] The Jupyter Notebook is running at: http://localhost:8888/?token=23bd3fba0c6ddd9aed6fc477ca05e0c34b65520c49d8bbcb
[I 18:45:58.593 NotebookApp] Use Control-C to stop this server and shut down all kernels (twice to skip confirmation).
[W 18:45:58.594 NotebookApp] No web browser found: could not locate runnable browser.
[C 18:45:58.594 NotebookApp] 
    
    Copy/paste this URL into your browser when you connect for the first time,
    to login with a token:
        http://localhost:8888/?token=23bd3fba0c6ddd9aed6fc477ca05e0c34b65520c49d8bbcb
[I 18:47:25.409 NotebookApp] Interrupted...
[I 18:47:25.409 NotebookApp] Shutting down kernels
[E 18:49:03.155 NotebookApp] Exception while loading config file /home/aind2/.jupyter/jupyter_notebook_config.py
    Traceback (most recent call last):
      File "/home/aind2/anaconda3/lib/python3.6/site-packages/traitlets/config/application.py", line 562, in _load_config_files
        config = loader.load_config()
      File "/home/aind2/anaconda3/lib/python3.6/site-packages/traitlets/config/loader.py", line 457, in load_config
        self._read_file_as_dict()
      File "/home/aind2/anaconda3/lib/python3.6/site-packages/traitlets/config/loader.py", line 489, in _read_file_as_dict
        py3compat.execfile(conf_filename, namespace)
      File "/home/aind2/anaconda3/lib/python3.6/site-packages/ipython_genutils/py3compat.py", line 185, in execfile
        exec(compiler(f.read(), fname, 'exec'), glob, loc)
      File "/home/aind2/.jupyter/jupyter_notebook_config.py", line 587, in <module>
        NotebookApp.password = u''            # don't require a password
    NameError: name 'NotebookApp' is not defined
[I 18:49:03.426 NotebookApp] Serving notebooks from local directory: /home/aind2/Notebook/aind2-rnn
[I 18:49:03.426 NotebookApp] 0 active kernels 
[I 18:49:03.426 NotebookApp] The Jupyter Notebook is running at: http://0.0.0.0:8888/?token=c0753aba847321c60544db2c3671c7aca68a9a3277080800
[I 18:49:03.426 NotebookApp] Use Control-C to stop this server and shut down all kernels (twice to skip confirmation).
[C 18:49:03.426 NotebookApp] 
    
    Copy/paste this URL into your browser when you connect for the first time,
    to login with a token:
        http://0.0.0.0:8888/?token=c0753aba847321c60544db2c3671c7aca68a9a3277080800
[W 18:49:08.429 NotebookApp] Notebook RNN_project.ipynb is not trusted
[I 18:49:10.807 NotebookApp] Kernel started: fb16c197-f8c8-4eaf-8883-88718e097690
[I 18:49:10.812 NotebookApp] 302 GET /notebooks/images/timeseries_windowing_training.gif (24.5.148.185) 0.94ms
[I 18:49:10.813 NotebookApp] 302 GET /notebooks/images/text_windowing_training.gif (24.5.148.185) 0.85ms
W tensorflow/core/platform/cpu_feature_guard.cc:45] The TensorFlow library wasn't compiled to use SSE3 instructions, but these are available on your machine and could speed up CPU computations.
W tensorflow/core/platform/cpu_feature_guard.cc:45] The TensorFlow library wasn't compiled to use SSE4.1 instructions, but these are available on your machine and could speed up CPU computations.
W tensorflow/core/platform/cpu_feature_guard.cc:45] The TensorFlow library wasn't compiled to use SSE4.2 instructions, but these are available on your machine and could speed up CPU computations.
W tensorflow/core/platform/cpu_feature_guard.cc:45] The TensorFlow library wasn't compiled to use AVX instructions, but these are available on your machine and could speed up CPU computations.
[I 18:51:11.688 NotebookApp] Saving file at /RNN_project.ipynb
[W 18:51:11.690 NotebookApp] Saving untrusted notebook RNN_project.ipynb
[I 18:53:11.577 NotebookApp] Saving file at /RNN_project.ipynb
[W 19:04:41.653 NotebookApp] WebSocket ping timeout after 119968 ms.
[I 20:16:17.006 NotebookApp] Saving file at /RNN_project.ipynb
[I 20:28:16.141 NotebookApp] Saving file at /RNN_project.ipynb
[I 20:30:16.321 NotebookApp] Saving file at /RNN_project.ipynb
[I 20:32:17.356 NotebookApp] Saving file at /RNN_project.ipynb
[I 20:34:17.040 NotebookApp] Saving file at /RNN_project.ipynb
[I 20:36:15.922 NotebookApp] Saving file at /RNN_project.ipynb
[I 20:37:29.760 NotebookApp] Saving file at /RNN_project.ipynb
[I 20:38:14.942 NotebookApp] Saving file at /RNN_project.ipynb
[I 20:40:14.892 NotebookApp] Saving file at /RNN_project.ipynb
[I 20:42:14.887 NotebookApp] Saving file at /RNN_project.ipynb
[I 20:44:14.847 NotebookApp] Saving file at /RNN_project.ipynb
[I 20:46:15.636 NotebookApp] Saving file at /RNN_project.ipynb
[I 20:52:16.499 NotebookApp] Saving file at /RNN_project.ipynb
[I 20:54:37.395 NotebookApp] Saving file at /RNN_project.ipynb
[I 20:58:39.348 NotebookApp] Saving file at /RNN_project.ipynb
[I 21:02:40.153 NotebookApp] Saving file at /RNN_project.ipynb
[I 21:06:40.364 NotebookApp] Saving file at /RNN_project.ipynb
[I 21:11:56.439 NotebookApp] Saving file at /RNN_project.ipynb
[I 21:12:03.716 NotebookApp] Saving file at /RNN_project.ipynb
[I 21:24:16.410 NotebookApp] Saving file at /RNN_project.ipynb
[I 21:25:01.485 NotebookApp] Saving file at /RNN_project.ipynb
[I 21:25:22.386 NotebookApp] Kernel interrupted: fb16c197-f8c8-4eaf-8883-88718e097690
[I 21:25:34.863 NotebookApp] Kernel shutdown: fb16c197-f8c8-4eaf-8883-88718e097690
[I 21:26:36.375 NotebookApp] Kernel started: bab24c52-0496-4716-abbd-ff83c73e1a8d
[I 21:26:36.378 NotebookApp] 302 GET /notebooks/images/timeseries_windowing_training.gif (24.5.148.185) 1.27ms
[I 21:26:36.380 NotebookApp] 302 GET /notebooks/images/text_windowing_training.gif (24.5.148.185) 0.84ms
[I 21:30:03.375 NotebookApp] KernelRestarter: restarting kernel (1/5)
WARNING:root:kernel bab24c52-0496-4716-abbd-ff83c73e1a8d restarted
[I 21:30:11.985 NotebookApp] 302 GET /notebooks/images/timeseries_windowing_training.gif (24.5.148.185) 0.87ms
[I 21:30:13.314 NotebookApp] 302 GET /notebooks/images/text_windowing_training.gif (24.5.148.185) 0.82ms
[I 21:30:45.380 NotebookApp] KernelRestarter: restarting kernel (1/5)
[I 21:33:05.261 NotebookApp] Kernel shutdown: bab24c52-0496-4716-abbd-ff83c73e1a8d
[I 21:36:30.392 NotebookApp] Kernel started: 7c2fbe83-2cfe-4fbb-9db0-d3d532ce8c12
[I 21:36:30.395 NotebookApp] 302 GET /notebooks/images/timeseries_windowing_training.gif (24.5.148.185) 1.29ms
[I 21:36:30.397 NotebookApp] 302 GET /notebooks/images/text_windowing_training.gif (24.5.148.185) 0.82ms
[I 21:36:57.956 NotebookApp] 302 GET /notebooks/images/timeseries_windowing_training.gif (24.5.148.185) 1.01ms
[I 21:36:59.181 NotebookApp] 302 GET /notebooks/images/text_windowing_training.gif (24.5.148.185) 0.89ms
[C 21:41:38.248 NotebookApp] received signal 15, stopping
[I 21:41:38.250 NotebookApp] Shutting down kernels
[I 21:41:38.651 NotebookApp] Kernel shutdown: 7c2fbe83-2cfe-4fbb-9db0-d3d532ce8c12
